[2025-02-04T22:52:29.817+0000] {local_task_job_runner.py:120} INFO - ::group::Pre task execution logs
[2025-02-04T22:52:29.828+0000] {taskinstance.py:2076} INFO - Dependencies all met for dep_context=non-requeueable deps ti=<TaskInstance: dag_dbt-model_credit_fraud.model_credit_fraud.stg_credit_fraud_run manual__2025-02-04T22:52:25.583411+00:00 [queued]>
[2025-02-04T22:52:29.834+0000] {taskinstance.py:2076} INFO - Dependencies all met for dep_context=requeueable deps ti=<TaskInstance: dag_dbt-model_credit_fraud.model_credit_fraud.stg_credit_fraud_run manual__2025-02-04T22:52:25.583411+00:00 [queued]>
[2025-02-04T22:52:29.835+0000] {taskinstance.py:2306} INFO - Starting attempt 1 of 1
[2025-02-04T22:52:29.842+0000] {taskinstance.py:2330} INFO - Executing <Task(DbtRunLocalOperator): model_credit_fraud.stg_credit_fraud_run> on 2025-02-04 22:52:25.583411+00:00
[2025-02-04T22:52:29.847+0000] {standard_task_runner.py:63} INFO - Started process 694 to run task
[2025-02-04T22:52:29.849+0000] {standard_task_runner.py:90} INFO - Running: ['***', 'tasks', 'run', 'dag_dbt-model_credit_fraud', 'model_credit_fraud.stg_credit_fraud_run', 'manual__2025-02-04T22:52:25.583411+00:00', '--job-id', '5', '--raw', '--subdir', 'DAGS_FOLDER/dag_dbt-model_fraud_credit.py', '--cfg-path', '/tmp/tmpq_t3sdui']
[2025-02-04T22:52:29.851+0000] {standard_task_runner.py:91} INFO - Job 5: Subtask model_credit_fraud.stg_credit_fraud_run
[2025-02-04T22:52:29.891+0000] {task_command.py:426} INFO - Running <TaskInstance: dag_dbt-model_credit_fraud.model_credit_fraud.stg_credit_fraud_run manual__2025-02-04T22:52:25.583411+00:00 [running]> on host eb20c43aeeb4
[2025-02-04T22:52:29.955+0000] {taskinstance.py:2648} INFO - Exporting env vars: AIRFLOW_CTX_DAG_OWNER='***' AIRFLOW_CTX_DAG_ID='dag_dbt-model_credit_fraud' AIRFLOW_CTX_TASK_ID='model_credit_fraud.stg_credit_fraud_run' AIRFLOW_CTX_EXECUTION_DATE='2025-02-04T22:52:25.583411+00:00' AIRFLOW_CTX_TRY_NUMBER='1' AIRFLOW_CTX_DAG_RUN_ID='manual__2025-02-04T22:52:25.583411+00:00'
[2025-02-04T22:52:29.957+0000] {taskinstance.py:430} INFO - ::endgroup::
[2025-02-04T22:52:31.675+0000] {local.py:220} INFO - dbtRunner is available. Using dbtRunner for invoking dbt.
[2025-02-04T22:52:31.676+0000] {local.py:436} INFO - Cloning project to writable temp directory /tmp/tmp4q9hmgqj from /usr/local/airflow/dags/dbt/localiza_dw
[2025-02-04T22:52:31.681+0000] {local.py:447} INFO - Partial parse is enabled and the latest partial parse file is /tmp/cosmos/dag_dbt-model_credit_fraud__model_credit_fraud/target/partial_parse.msgpack
[2025-02-04T22:52:31.685+0000] {config.py:348} INFO - Profile caching is enable.
[2025-02-04T22:52:31.692+0000] {base.py:84} INFO - Using connection ID '***' for task execution.
[2025-02-04T22:52:31.694+0000] {base.py:244} INFO - Using real values for profile ***
[2025-02-04T22:52:31.695+0000] {config.py:335} INFO - Profile not found in cache storing and using profile: /tmp/cosmos/profile/bdc35343eb23031ee554202b16407e794194afcc614f7ea62bc658c63495a211/profiles.yml.
[2025-02-04T22:52:31.696+0000] {local.py:408} INFO - Trying to run dbtRunner with:
 ['run', '--models', 'stg_credit_fraud', '--project-dir', '/tmp/tmp4q9hmgqj', '--profiles-dir', '/tmp/cosmos/profile/bdc35343eb23031ee554202b16407e794194afcc614f7ea62bc658c63495a211', '--profile', '***', '--target', 'prod']
 in /tmp/tmp4q9hmgqj
[2025-02-04T22:52:31.707+0000] {logging_mixin.py:188} INFO - 22:52:31  Running with dbt=1.6.1
[2025-02-04T22:52:31.788+0000] {logging_mixin.py:188} INFO - 22:52:31  Registered adapter: postgres=1.6.1
[2025-02-04T22:52:31.806+0000] {logging_mixin.py:188} INFO - 22:52:31  Unable to do partial parsing because profile has changed
[2025-02-04T22:52:31.807+0000] {logging_mixin.py:188} INFO - 22:52:31  Unable to do partial parsing because env vars used in profiles.yml have changed
[2025-02-04T22:52:32.511+0000] {logging_mixin.py:188} INFO - 22:52:32  Found 3 models, 1 snapshot, 5 tests, 1 source, 0 exposures, 0 metrics, 349 macros, 0 groups, 0 semantic models
[2025-02-04T22:52:32.514+0000] {logging_mixin.py:188} INFO - 22:52:32
[2025-02-04T22:52:32.570+0000] {logging_mixin.py:188} INFO - 22:52:32  Concurrency: 1 threads (target='prod')
[2025-02-04T22:52:32.571+0000] {logging_mixin.py:188} INFO - 22:52:32
[2025-02-04T22:52:32.573+0000] {logging_mixin.py:188} INFO - 22:52:32  1 of 1 START sql view model dm_credit_operations.stg_credit_fraud .............. [RUN]
[2025-02-04T22:52:32.620+0000] {logging_mixin.py:188} INFO - 22:52:32  1 of 1 ERROR creating sql view model dm_credit_operations.stg_credit_fraud ..... [ERROR in 0.05s]
[2025-02-04T22:52:32.630+0000] {logging_mixin.py:188} INFO - 22:52:32
[2025-02-04T22:52:32.631+0000] {logging_mixin.py:188} INFO - 22:52:32  Finished running 1 view model in 0 hours 0 minutes and 0.12 seconds (0.12s).
[2025-02-04T22:52:32.639+0000] {logging_mixin.py:188} INFO - 22:52:32
[2025-02-04T22:52:32.640+0000] {logging_mixin.py:188} INFO - 22:52:32  Completed with 1 error and 0 warnings:
[2025-02-04T22:52:32.641+0000] {logging_mixin.py:188} INFO - 22:52:32
[2025-02-04T22:52:32.642+0000] {logging_mixin.py:188} INFO - 22:52:32  Database Error in model stg_credit_fraud (models/staging/credit_fraud/stg_credit_fraud.sql)
[2025-02-04T22:52:32.643+0000] {logging_mixin.py:188} INFO - 22:52:32    relation "credit_fraud.raw_credit_fraud" does not exist
[2025-02-04T22:52:32.644+0000] {logging_mixin.py:188} INFO - 22:52:32    LINE 8:     select * from "***"."credit_fraud"."raw_credit_f...
[2025-02-04T22:52:32.644+0000] {logging_mixin.py:188} INFO - 22:52:32                              ^
[2025-02-04T22:52:32.645+0000] {logging_mixin.py:188} INFO - 22:52:32    compiled Code at target/run/***/models/staging/credit_fraud/stg_credit_fraud.sql
[2025-02-04T22:52:32.646+0000] {logging_mixin.py:188} INFO - 22:52:32
[2025-02-04T22:52:32.647+0000] {logging_mixin.py:188} INFO - 22:52:32  Done. PASS=0 WARN=0 ERROR=1 SKIP=0 TOTAL=1
[2025-02-04T22:52:33.374+0000] {local.py:138} WARNING - Artifact schema version: https://schemas.getdbt.com/dbt/manifest/v10.json is above dbt-ol supported version 7. This might cause errors.
[2025-02-04T22:52:33.376+0000] {local.py:494} INFO - Inlets: []
[2025-02-04T22:52:33.377+0000] {local.py:495} INFO - Outlets: []
[2025-02-04T22:52:33.377+0000] {local.py:595} INFO - Assigning inlets/outlets without DatasetAlias
[2025-02-04T22:52:33.378+0000] {dag.py:3096} INFO - Sync 1 DAGs
[2025-02-04T22:52:33.392+0000] {dag.py:3954} INFO - Setting next_dagrun for dag_dbt-model_credit_fraud to None, run_after=None
[2025-02-04T22:52:33.414+0000] {taskinstance.py:441} INFO - ::group::Post task execution logs
[2025-02-04T22:52:33.423+0000] {taskinstance.py:2905} ERROR - Task failed with exception
Traceback (most recent call last):
  File "/usr/local/lib/python3.11/site-packages/airflow/models/taskinstance.py", line 465, in _execute_task
    result = _execute_callable(context=context, **execute_callable_kwargs)
             ^^^^^^^^^^^^^^^^^^^^^^^^^^^^^^^^^^^^^^^^^^^^^^^^^^^^^^^^^^^^^
  File "/usr/local/lib/python3.11/site-packages/airflow/models/taskinstance.py", line 432, in _execute_callable
    return execute_callable(context=context, **execute_callable_kwargs)
           ^^^^^^^^^^^^^^^^^^^^^^^^^^^^^^^^^^^^^^^^^^^^^^^^^^^^^^^^^^^^
  File "/usr/local/lib/python3.11/site-packages/airflow/models/baseoperator.py", line 400, in wrapper
    return func(self, *args, **kwargs)
           ^^^^^^^^^^^^^^^^^^^^^^^^^^^
  File "/usr/local/lib/python3.11/site-packages/cosmos/operators/base.py", line 268, in execute
    self.build_and_run_cmd(context=context, cmd_flags=self.add_cmd_flags())
  File "/usr/local/lib/python3.11/site-packages/cosmos/operators/local.py", line 654, in build_and_run_cmd
    result = self.run_command(cmd=dbt_cmd, env=env, context=context)
             ^^^^^^^^^^^^^^^^^^^^^^^^^^^^^^^^^^^^^^^^^^^^^^^^^^^^^^^
  File "/usr/local/lib/python3.11/site-packages/cosmos/operators/local.py", line 509, in run_command
    self.handle_exception(result)
  File "/usr/local/lib/python3.11/site-packages/cosmos/operators/local.py", line 237, in handle_exception_dbt_runner
    raise AirflowException(f"dbt invocation completed with errors: {error_message}")
airflow.exceptions.AirflowException: dbt invocation completed with errors: stg_credit_fraud: Database Error in model stg_credit_fraud (models/staging/credit_fraud/stg_credit_fraud.sql)
  relation "credit_fraud.raw_credit_fraud" does not exist
  LINE 8:     select * from "***"."credit_fraud"."raw_credit_f...
                            ^
  compiled Code at target/run/***/models/staging/credit_fraud/stg_credit_fraud.sql
[2025-02-04T22:52:33.427+0000] {taskinstance.py:1206} INFO - Marking task as FAILED. dag_id=dag_dbt-model_credit_fraud, task_id=model_credit_fraud.stg_credit_fraud_run, run_id=manual__2025-02-04T22:52:25.583411+00:00, execution_date=20250204T225225, start_date=20250204T225229, end_date=20250204T225233
[2025-02-04T22:52:33.438+0000] {standard_task_runner.py:110} ERROR - Failed to execute job 5 for task model_credit_fraud.stg_credit_fraud_run (dbt invocation completed with errors: stg_credit_fraud: Database Error in model stg_credit_fraud (models/staging/credit_fraud/stg_credit_fraud.sql)
  relation "credit_fraud.raw_credit_fraud" does not exist
  LINE 8:     select * from "***"."credit_fraud"."raw_credit_f...
                            ^
  compiled Code at target/run/***/models/staging/credit_fraud/stg_credit_fraud.sql; 694)
[2025-02-04T22:52:33.483+0000] {local_task_job_runner.py:240} INFO - Task exited with return code 1
[2025-02-04T22:52:33.507+0000] {taskinstance.py:3498} INFO - 0 downstream tasks scheduled from follow-on schedule check
[2025-02-04T22:52:33.512+0000] {local_task_job_runner.py:222} INFO - ::endgroup::
